(128, 34, 148)
GOAL
0.0
(0.0, 1)
PWM-PID: 173 180
(0.0, 0.0, 0.0)
ACHTUNG BATTERIE LEER
************
(133, 33, 152)
GOAL
0.0
(0.0, 1)
PWM-PID: 161 137
(1.6, 0.0, 2.33)
************
(131, 32, 163)
GOAL
-2.33
(-0.058, 1)
PWM-PID: 90 86
(5.1, 0.1, 1.16)
************
(110, 33, 155)
GOAL
-1.16028655197
(-0.029, 1)
PWM-PID: 103 93
(7.8, 0.2, 1.16)
************
(126, 33, 159)
GOAL
-1.16057318134
(-0.029, 1)
PWM-PID: 109 116
(9.7, 0.2, 0.0)
************
(133, 33, 155)
GOAL
-0.000573235814482
(-0.0, 1)
PWM-PID: 107 105
(11.9, 0.2, 0.0)
************
(116, 33, 152)
GOAL
-0.000573298907962
(-0.0, 1)
PWM-PID: 103 87
(14.3, 0.2, 1.16)
************
(128, 33, 155)
GOAL
-1.16057336775
(-0.029, 1)
PWM-PID: 97 105
(16.2, 0.3, 0.0)
************
(131, 33, 155)
GOAL
-0.000860133400686
(-0.0, 1)
PWM-PID: 96 94
(18.4, 0.3, 0.0)
************
(131, 33, 159)
GOAL
-0.000860228102486
(-0.0, 1)
PWM-PID: 92 90
(20.5, 0.3, 0.0)
************
(145, 34, 152)
GOAL
-0.000860318519114
(-0.0, 1)
PWM-PID: 92 91
(22.7, 0.3, 0.0)
************
(126, 34, 145)
GOAL
-0.000860413261684
(-0.0, 1)
PWM-PID: 88 100
(24.6, 0.2, 358.84)
************
(131, 34, 152)
GOAL
1.1594263366
(0.029, 1)
PWM-PID: 80 83
(26.7, 0.2, 358.84)
************
(131, 34, 155)
GOAL
1.15942627628
(0.029, 1)
PWM-PID: 91 97
(28.3, 0.2, 358.84)
************
(123, 34, 152)
GOAL
1.15942623032
(0.029, 1)
PWM-PID: 78 81
(30.5, 0.1, 358.84)
************
(131, 34, 167)
GOAL
1.15971308355
(0.029, 1)
PWM-PID: 88 93
(32.1, 0.1, 358.84)
************
(131, 34, 155)
GOAL
1.15971306056
(0.029, 1)
PWM-PID: 89 94
(33.7, 0.1, 358.84)
************
(118, 35, 155)
GOAL
1.15971303757
(0.029, 1)
PWM-PID: 77 80
(35.9, 0.0, 358.84)
************
(123, 35, 155)
GOAL
1.16
(0.029, 1)
PWM-PID: 86 92
(37.5, -0.0, 358.84)
************
(123, 35, 152)
GOAL
1.16
(0.029, 1)
PWM-PID: 73 90
(39.4, -0.1, 357.67)
************
(133, 35, 155)
GOAL
2.33028704437
(0.058, 1)
PWM-PID: 80 91
(41.0, -0.1, 357.67)
************
(128, 35, 163)
GOAL
2.33028706739
(0.058, 1)
PWM-PID: 83 80
(42.9, -0.2, 358.84)
************
(131, 35, 176)
GOAL
1.16057418943
(0.029, 1)
PWM-PID: 85 90
(44.5, -0.2, 358.84)
************
(128, 36, 176)
GOAL
1.16057423547
(0.029, 1)
PWM-PID: 72 90
(46.4, -0.3, 357.67)
************
(123, 36, 190)
GOAL
2.33086143522
(0.059, 1)
PWM-PID: 80 90
(48.0, -0.4, 357.67)
************
(121, 36, 185)
GOAL
2.3311486724
(0.059, 1)
PWM-PID: 80 76
(49.9, -0.4, 358.84)
************
(131, 36, 201)
GOAL
1.1611487818
(0.029, 1)
PWM-PID: 84 89
(51.6, -0.5, 358.84)
************
(126, 36, 190)
GOAL
1.16143609962
(0.029, 1)
PWM-PID: 84 90
(53.2, -0.5, 358.84)
************
(131, 36, 207)
GOAL
1.16143621482
(0.03, 1)
PWM-PID: 71 89
(55.1, -0.5, 357.67)
************
(128, 36, 207)
GOAL
2.33143635164
(0.059, 1)
PWM-PID: 79 89
(56.7, -0.6, 357.67)
************
(133, 36, 207)
GOAL
2.33172376025
(0.059, 1)
PWM-PID: 80 90
(58.3, -0.7, 357.67)
************
(148, 36, 219)
GOAL
2.33201121497
(0.059, 1)
PWM-PID: 69 77
(60.5, -0.8, 357.67)
************
(118, 37, 233)
GOAL
2.332298785
(0.059, 1)
PWM-PID: 78 88
(62.1, -0.8, 357.67)
************
(126, 37, 219)
GOAL
2.33229896948
(0.059, 1)
PWM-PID: 80 91
(63.7, -0.9, 357.67)
************
(121, 36, 213)
GOAL
2.33258654823
(0.059, 1)
PWM-PID: 81 91
(65.3, -1.0, 357.67)
************
(133, 37, 195)
GOAL
2.33287417315
(0.059, 1)
PWM-PID: 83 80
(67.2, -1.0, 358.84)
************
(126, 37, 213)
GOAL
1.16287444712
(0.03, 1)
PWM-PID: 70 88
(69.1, -1.1, 357.67)
************
(121, 38, 219)
GOAL
2.33316219325
(0.059, 1)
PWM-PID: 78 88
(70.7, -1.1, 357.67)
************
(121, 37, 226)
GOAL
2.33316244712
(0.059, 1)
PWM-PID: 78 89
(72.3, -1.2, 357.67)
************
(126, 37, 213)
GOAL
2.33345021931
(0.059, 1)
PWM-PID: 79 90
(73.9, -1.3, 357.67)
************
(126, 37, 233)
GOAL
2.33373803771
(0.059, 1)
PWM-PID: 80 77
(75.8, -1.3, 358.84)
************
(128, 38, 207)
GOAL
1.16373839418
(0.03, 1)
PWM-PID: 85 91
(77.5, -1.4, 358.84)
************
(114, 38, 207)
GOAL
1.1640263065
(0.03, 1)
PWM-PID: 71 88
(79.3, -1.4, 357.67)
************
(118, 38, 190)
GOAL
2.33402667031
(0.06, 1)
PWM-PID: 78 89
(81.0, -1.5, 357.67)
************
(121, 38, 213)
GOAL
2.33431465782
(0.06, 1)
PWM-PID: 79 89
(82.6, -1.6, 357.67)
************
(114, 38, 213)
GOAL
2.33460267138
(0.06, 1)
PWM-PID: 80 90
(84.2, -1.6, 357.67)
************
(131, 38, 233)
GOAL
2.33460304115
(0.06, 1)
PWM-PID: 80 77
(86.1, -1.7, 358.84)
************
(128, 38, 207)
GOAL
1.16489119785
(0.031, 1)
PWM-PID: 84 89
(87.7, -1.7, 358.84)
************
(131, 38, 213)
GOAL
1.16489159087
(0.031, 1)
PWM-PID: 70 88
(89.6, -1.8, 357.67)
************
(131, 38, 226)
GOAL
2.33517982576
(0.06, 1)
PWM-PID: 78 88
(91.2, -1.8, 357.67)
************
(116, 37, 219)
GOAL
2.33518024205
(0.06, 1)
PWM-PID: 79 89
(92.8, -1.9, 357.67)
************
(112, 38, 226)
GOAL
2.33546847275
(0.06, 1)
PWM-PID: 81 92
(94.5, -2.0, 357.67)
************
(116, 38, 226)
GOAL
2.33575677871
(0.06, 1)
PWM-PID: 80 91
(96.1, -2.0, 357.67)
************
(112, 38, 226)
GOAL
2.33575724148
(0.06, 1)
PWM-PID: 67 75
(98.2, -2.1, 357.67)
************
(112, 38, 219)
GOAL
2.33604574142
(0.06, 1)
PWM-PID: 91 90
(99.6, -2.2, 358.84)
************
(108, 38, 207)
GOAL
1.16633407944
(0.031, 1)
PWM-PID: 85 91
(101.2, -2.2, 358.84)
************
(112, 38, 233)
GOAL
1.16633458874
(0.031, 1)
PWM-PID: 72 90
(103.1, -2.2, 357.67)
************
(110, 38, 219)
GOAL
2.33633519364
(0.06, 1)
PWM-PID: 80 76
(105.0, -2.3, 358.84)
************
(104, 38, 207)
GOAL
1.16662378951
(0.031, 1)
PWM-PID: 83 103
(106.3, -2.3, 357.67)
************
(108, 36, 136)
GOAL
2.33662422236
(0.06, 1)
PWM-PID: 67 76
(108.5, -2.4, 357.67)
************
(121, 27, 126)
GOAL
2.33691299651
(0.061, 1)
PWM-PID: 77 88
(110.1, -2.5, 357.67)
************
(102, 28, 195)
GOAL
2.3372016173
(0.061, 1)
PWM-PID: 93 92
(111.5, -2.5, 358.84)
************
(102, 69, 249)
GOAL
1.16720212424
(0.031, 1)
PWM-PID: 73 90
(113.3, -2.6, 357.67)
************
(108, 102, 195)
GOAL
2.33749088717
(0.061, 1)
PWM-PID: 80 76
(115.2, -2.7, 358.84)
************
(102, 114, 207)
GOAL
1.1677797415
(0.031, 1)
PWM-PID: 83 89
(116.8, -2.7, 358.84)
************
(99, 126, 195)
GOAL
1.16778036753
(0.031, 1)
PWM-PID: 84 89
(118.5, -2.7, 358.84)
************
(99, 118, 207)
GOAL
1.16778103281
(0.032, 1)
PWM-PID: 72 89
(120.4, -2.8, 357.67)
************
(99, 112, 241)
GOAL
2.33806999042
(0.061, 1)
PWM-PID: 79 90
(122.0, -2.8, 357.67)
************
(110, 112, 226)
GOAL
2.33807063998
(0.061, 1)
PWM-PID: 81 78
(123.9, -2.9, 358.84)
************
(102, 104, 258)
GOAL
1.16835967616
(0.032, 1)
PWM-PID: 84 90
(125.5, -2.9, 358.84)
************
(102, 99, 258)
GOAL
1.16836034916
(0.032, 1)
PWM-PID: 85 91
(127.1, -3.0, 358.84)
************
(102, 99, 277)
GOAL
1.16864933338
(0.032, 1)
PWM-PID: 74 78
(129.3, -3.0, 358.84)
************
(101, 96, 233)
GOAL
1.16865029099
(0.032, 1)
PWM-PID: 83 88
(130.9, -3.0, 358.84)
************
(94, 91, 258)
GOAL
1.16865098758
(0.032, 1)
PWM-PID: 83 89
(132.5, -3.1, 358.84)
************
(94, 84, 287)
GOAL
1.16894007374
(0.032, 1)
PWM-PID: 85 91
(134.1, -3.1, 358.84)
************
(104, 83, 277)
GOAL
1.16894079377
(0.032, 1)
PWM-PID: 72 76
(136.3, -3.2, 358.84)
************
(106, 94, 287)
GOAL
1.16923022865
(0.032, 1)
PWM-PID: 82 88
(137.9, -3.2, 358.84)
************
(97, 69, 277)
GOAL
1.1692309722
(0.032, 1)
PWM-PID: 83 89
(139.5, -3.2, 358.84)
************
(96, 41, 277)
GOAL
1.16923171586
(0.032, 1)
PWM-PID: 85 91
(141.1, -3.3, 358.84)
************
(94, 79, 249)
GOAL
1.169520974
(0.032, 1)
PWM-PID: 72 76
(143.3, -3.3, 358.84)
************
(94, 126, 213)
GOAL
1.16952202887
(0.032, 1)
PWM-PID: 81 87
(144.9, -3.3, 358.84)
************
(91, 133, 190)
GOAL
1.16952279619
(0.032, 1)
PWM-PID: 83 89
(146.5, -3.4, 358.84)
************
(91, 139, 142)
GOAL
1.16981215647
(0.032, 1)
PWM-PID: 84 89
(148.2, -3.4, 358.84)
************
(87, 116, 152)
GOAL
1.16981299673
(0.032, 1)
PWM-PID: 71 89
(150.0, -3.5, 357.67)
************
(99, 110, 148)
GOAL
2.34010253029
(0.061, 1)
PWM-PID: 78 74
(151.9, -3.5, 358.84)
************
(96, 108, 163)
GOAL
1.17010349737
(0.032, 1)
PWM-PID: 81 87
(153.6, -3.5, 358.84)
************
(96, 104, 163)
GOAL
1.17010436282
(0.032, 1)
PWM-PID: 82 88
(155.2, -3.6, 358.84)
************
(87, 110, 171)
GOAL
1.17039389684
(0.032, 1)
PWM-PID: 84 90
(156.8, -3.6, 358.84)
************
(84, 108, 190)
GOAL
1.17039473492
(0.032, 1)
PWM-PID: 70 88
(158.7, -3.7, 357.67)
************
(87, 99, 207)
GOAL
2.3406845006
(0.062, 1)
PWM-PID: 78 75
(160.6, -3.7, 358.84)
************
(85, 90, 213)
GOAL
1.17068552384
(0.032, 1)
PWM-PID: 81 87
(162.2, -3.8, 358.84)
************
(83, 79, 241)
GOAL
1.1709752069
(0.032, 1)
PWM-PID: 84 91
(163.8, -3.8, 358.84)
************
(82, 78, 277)
GOAL
1.17097609217
(0.032, 1)
PWM-PID: 69 87
(165.7, -3.8, 357.67)
************
(84, 85, 267)
GOAL
2.34097714361
(0.062, 1)
PWM-PID: 78 75
(167.6, -3.9, 358.84)
************
(84, 85, 267)
GOAL
1.17126709512
(0.033, 1)
PWM-PID: 82 88
(169.2, -3.9, 358.84)
************
(76, 82, 219)
GOAL
1.17126800418
(0.033, 1)
PWM-PID: 84 90
(170.8, -4.0, 358.84)
************
(72, 82, 176)
GOAL
1.17155785987
(0.033, 1)
PWM-PID: 71 89
(172.7, -4.0, 357.67)
************
(78, 80, 167)
GOAL
2.34155896743
(0.062, 1)
PWM-PID: 80 77
(174.6, -4.1, 358.84)
************
(72, 80, 190)
GOAL
1.17184907708
(0.033, 1)
PWM-PID: 83 89
(176.2, -4.1, 358.84)
************
(70, 79, 190)
Avoid-Side: 0.58
LEFT WALL
(0.58, 1)
PWM-PID: 0 85
(178.1, -4.2, 357.67)
************
(68, 80, 226)
Avoid-Side: 0.6
LEFT WALL
(0.283, 1)
PWM-PID: 49 85
(179.5, -4.2, 358.84)
ACHTUNG BATTERIE LEER
************
(68, 83, 163)
Avoid-Side: 0.66
LEFT WALL
(0.343, 1)
PWM-PID: 55 90
(180.5, -4.2, 1.16)
************
(71, 80, 195)
Avoid-Side: 0.6
LEFT WALL
(0.0, 1)
PWM-PID: 103 92
(181.9, -4.2, 2.33)
************
(68, 79, 267)
Avoid-Side: 0.58
LEFT WALL
(0.263, 1)
PWM-PID: 47 76
(183.8, -4.1, 3.49)
************
(65, 78, 277)
Avoid-Side: 0.56
LEFT WALL
(0.192, 1)
PWM-PID: 43 87
(185.7, -4.0, 2.33)
************
(63, 79, 171)
Avoid-Side: 0.58
LEFT WALL
(0.173, 1)
PWM-PID: 71 88
(187.0, -3.9, 3.49)
************
(62, 80, 180)
Avoid-Side: 0.6
LEFT WALL
(0.173, 1)
PWM-PID: 73 90
(188.4, -3.8, 4.65)
************
(61, 79, 241)
Avoid-Side: 0.58
LEFT WALL
(0.131, 1)
PWM-PID: 69 91
(190.0, -3.7, 4.65)
************
(61, 79, 176)
Avoid-Side: 0.58
LEFT WALL
(0.131, 1)
PWM-PID: 70 78
(191.9, -3.5, 5.82)
************
(57, 77, 190)
Avoid-Side: 0.54
LEFT WALL
(-0.009, 1)
PWM-PID: 90 103
(193.2, -3.4, 4.65)
************
(60, 77, 207)
Avoid-Side: 0.54
LEFT WALL
(0.068, 1)
PWM-PID: 81 79
(195.1, -3.2, 5.82)
************
(55, 79, 195)
Avoid-Side: 0.58
LEFT WALL
(-0.027, 1)
PWM-PID: 93 89
(196.7, -3.1, 5.82)
************
(54, 78, 190)
Avoid-Side: 0.56
LEFT WALL
(-0.078, 1)
PWM-PID: 94 67
(198.6, -2.8, 6.98)
************
(51, 78, 213)
Avoid-Side: 0.56
LEFT WALL
(-0.181, 1)
PWM-PID: 79 60
(200.5, -2.6, 5.82)
************
(49, 79, 185)
Avoid-Side: 0.58
LEFT WALL
(-0.239, 1)
PWM-PID: 89 63
(201.8, -2.5, 4.65)
************
(47, 78, 180)
Avoid-Side: 0.56
LEFT WALL
(-0.345, 1)
PWM-PID: 91 46
(203.1, -2.4, 3.49)
************
(44, 77, 185)
Avoid-Side: 0.54
LEFT WALL
(-0.511, 1)
PWM-PID: 79 17
(204.8, -2.4, 1.16)
************
(43, 73, 148)
Avoid-Side: 0.46
LEFT WALL
(-0.645, 1)
PWM-PID: 90 7
(205.8, -2.4, 358.84)
************
(63, 79, 159)
Avoid-Side: 0.58
LEFT WALL
(0.173, 1)
PWM-PID: 63 133
(206.7, -2.4, 355.35)
************
(57, 79, 167)
Avoid-Side: 0.58
LEFT WALL
(0.031, 1)
PWM-PID: 93 85
(208.5, -2.5, 356.51)
************
(62, 80, 195)
Avoid-Side: 0.6
LEFT WALL
(0.173, 1)
PWM-PID: 70 86
(210.4, -2.6, 357.67)
************
(66, 77, 190)
Avoid-Side: 0.54
LEFT WALL
(0.19, 1)
PWM-PID: 50 94
(212.3, -2.7, 356.51)
************
(68, 77, 241)
Avoid-Side: 0.54
LEFT WALL
(0.223, 1)
PWM-PID: 56 94
(213.9, -2.8, 356.51)
************
(32, 78, 142)
Avoid-Side: 0.56
LEFT WALL
(-1.0, 1)
PWM-PID: 108 0
(215.5, -2.9, 358.84)
************
(36, 77, 142)
Avoid-Side: 0.54
LEFT WALL
(-1.0, 1)
PWM-PID: 102 0
(216.4, -2.9, 357.67)
************
(29, 74, 190)
Avoid-Side: 0.48
LEFT WALL
(-1.0, 1)
PWM-PID: 72 0
(218.5, -3.1, 350.7)
************
(27, 58, 195)
Avoid-Side: 0.16
LEFT WALL
(-1.0, 1)
PWM-PID: 86 0
(219.3, -3.3, 347.21)
************
(27, 54, 152)
Avoid-Side: 0.08
LEFT WALL
(-1.0, 1)
PWM-PID: 87 0
(220.1, -3.5, 343.72)
************
(24, 46, 163)
Avoid-Side: -0.08
LEFT WALL
(-1.0, 1)
PWM-PID: 87 0
(220.9, -3.7, 340.23)
************
(24, 42, 249)
Avoid-Side: -0.16
LEFT WALL
(-1.0, 1)
PWM-PID: 91 0
(221.6, -4.0, 336.74)
************
(226, 38, 133)
Avoid-Side: -0.24
LEFT WALL
(0.0, 1)
PWM-PID: 77 129
(222.6, -4.5, 332.09)
************
(233, 32, 126)
GOAL
27.9230366481
(0.703, 1)
PWM-PID: 0 77
(224.3, -5.4, 333.25)
************
(185, 32, 287)
GOAL
26.7656453224
(0.674, 1)
PWM-PID: 0 72
(225.7, -6.1, 335.58)
************
(17, 32, 267)
Avoid-Side: -0.36
LEFT WALL
(-1.0, 1)
PWM-PID: 127 0
(226.2, -6.3, 337.9)
************
(20, 35, 152)
Avoid-Side: -0.3
LEFT WALL
(-1.0, 1)
PWM-PID: 102 0
(227.0, -6.6, 336.74)
************
(102, 28, 207)
Avoid-Side: -0.44
LEFT WALL
(0.0, 1)
PWM-PID: 74 129
(227.9, -7.1, 332.09)
************
(258, 25, 152)
GOAL
27.9305744467
(0.704, 1)
PWM-PID: 0 90
(229.4, -7.8, 332.09)
************
(213, 24, 219)
GOAL
27.9326046279
(0.705, 1)
PWM-PID: 0 73
(230.8, -8.5, 334.41)
************
(16, 25, 190)
Avoid-Side: -0.5
LEFT WALL
(-1.0, 1)
PWM-PID: 128 0
(231.6, -8.9, 337.9)
************
(16, 25, 241)
Avoid-Side: -0.5
LEFT WALL
(-1.0, 1)
PWM-PID: 100 0
(232.3, -9.2, 336.74)
************
(110, 20, 190)
Avoid-Side: -0.6
LEFT WALL
(0.0, 1)
PWM-PID: 75 114
(233.5, -9.8, 333.25)
************
(277, 23, 249)
GOAL
26.7784065764
(0.676, 1)
PWM-PID: 0 98
(235.0, -10.5, 330.92)
************
(233, 22, 148)
GOAL
29.1104379271
(0.735, 1)
PWM-PID: 0 69
(236.4, -11.3, 333.25)
************
(249, 21, 258)
GOAL
26.7827593271
(0.678, 1)
PWM-PID: 0 82
(237.4, -11.7, 335.58)
************
(12, 20, 258)
Avoid-Side: -0.6
LEFT WALL
(-1.0, 1)
PWM-PID: 125 0
(237.9, -11.9, 337.9)
************
(13, 20, 152)
Avoid-Side: -0.6
LEFT WALL
(-1.0, 1)
PWM-PID: 114 0
(238.6, -12.2, 339.06)
************
(241, 16, 277)
Avoid-Side: -0.68
LEFT WALL
(0.0, 1)
PWM-PID: 72 127
(239.6, -12.7, 334.41)
************
(88, 15, 190)
GOAL
25.6268239661
(0.65, 1)
PWM-PID: 0 90
(241.1, -13.4, 334.41)
************
(277, 14, 287)
GOAL
25.6288565825
(0.65, 1)
PWM-PID: 0 72
(242.5, -14.0, 336.74)
************
(267, 14, 277)
GOAL
23.3005993055
(0.593, 1)
PWM-PID: 11 100
(243.3, -14.4, 337.9)
************
(19, 14, 249)
Avoid-Side: -0.72
LEFT WALL
(-1.0, 1)
PWM-PID: 131 0
(244.3, -14.7, 342.55)
************
(20, 14, 155)
Avoid-Side: -0.72
LEFT WALL
(-1.0, 1)
PWM-PID: 103 0
(245.1, -15.0, 341.39)
************
(233, 18, 142)
Avoid-Side: -0.64
LEFT WALL
(0.0, 1)
PWM-PID: 76 116
(246.3, -15.4, 337.9)
************
(78, 22, 277)
GOAL
22.1446678256
RETOUR MODUS
(0.0, -1)
PWM-PID: 110 114
(247.3, -15.8, 337.9)
ACHTUNG BATTERIE LEER
************
(99, 19, 139)
GOAL
22.1458303484
RETOUR MODUS
(0.0, -1)
PWM-PID: 115 105
(246.1, -15.3, 336.74)
************
(249, 14, 277)
GOAL
23.3043773256
RETOUR MODUS
(0.0, -1)
PWM-PID: 92 78
(243.9, -14.3, 335.58)
************
(258, 15, 277)
GOAL
24.461472229
RETOUR MODUS
(0.0, -1)
PWM-PID: 85 83
(241.9, -13.5, 335.58)
************
(277, 16, 277)
GOAL
24.4591481419
RETOUR MODUS
(-1.0, -1)
PWM-PID: 95 0
(240.7, -12.9, 336.74)
************
(13, 20, 126)
Avoid-Side: -0.6
LEFT WALL
RETOUR MODUS
(-1.0, -1)
PWM-PID: 78 0
(239.2, -12.3, 339.06)
************
(13, 19, 167)
Avoid-Side: -0.62
LEFT WALL
RETOUR MODUS
(-1.0, -1)
PWM-PID: 85 0
(238.4, -12.0, 342.55)
************
(16, 24, 195)
Avoid-Side: -0.52
LEFT WALL
RETOUR MODUS
(-1.0, -1)
PWM-PID: 88 0
(237.6, -11.8, 346.04)
************
(15, 30, 171)
Avoid-Side: -0.4
LEFT WALL
RETOUR MODUS
(-1.0, -1)
PWM-PID: 87 0
(236.8, -11.6, 349.53)
************
(14, 41, 185)
Avoid-Side: -0.18
LEFT WALL
RETOUR MODUS
(-1.0, -1)
PWM-PID: 89 0
(236.0, -11.5, 353.02)
************
(15, 45, 142)
Avoid-Side: -0.1
LEFT WALL
RETOUR MODUS
(-1.0, -1)
PWM-PID: 88 0
(235.2, -11.4, 356.51)
************
(16, 59, 106)
Avoid-Side: 0.18
LEFT WALL
RETOUR MODUS
(-1.0, -1)
PWM-PID: 90 0
(234.1, -11.4, 358.84)
************
(16, 59, 287)
Avoid-Side: 0.18
LEFT WALL
RETOUR MODUS
(-1.0, -1)
PWM-PID: 87 0
(233.3, -11.4, 2.33)
************
(20, 76, 155)
Avoid-Side: 0.52
LEFT WALL
RETOUR MODUS
(-1.0, -1)
PWM-PID: 90 0
(232.5, -11.5, 5.82)
************
(29, 90, 139)
Avoid-Side: 0.8
LEFT WALL
RETOUR MODUS
(-1.0, -1)
PWM-PID: 89 0
(231.7, -11.6, 9.3)
************
(21, 76, 133)
Avoid-Side: 0.52
LEFT WALL
RETOUR MODUS
(-1.0, -1)
PWM-PID: 90 0
(230.9, -11.7, 12.79)
************
(20, 76, 139)
Avoid-Side: 0.52
LEFT WALL
RETOUR MODUS
(-1.0, -1)
PWM-PID: 90 0
(230.1, -11.9, 16.28)
************
(20, 84, 126)
Avoid-Side: 0.68
LEFT WALL
RETOUR MODUS
(-1.0, -1)
PWM-PID: 95 0
(229.4, -12.2, 19.77)
************
(23, 83, 171)
Avoid-Side: 0.66
LEFT WALL
RETOUR MODUS
(-1.0, -1)
PWM-PID: 80 0
(228.1, -12.7, 23.26)
************
(27, 85, 77)
Avoid-Side: 0.7
LEFT WALL
RETOUR MODUS
(-1.0, -1)
PWM-PID: 105 0
(227.6, -12.9, 25.59)
************
(32, 88, 299)
Avoid-Side: 0.76
LEFT WALL
RETOUR MODUS
(-1.0, -1)
PWM-PID: 78 0
(226.7, -13.4, 30.24)
************
(30, 128, 287)
Avoid-Side: 1.56
LEFT WALL
RETOUR MODUS
(0.0, 1)
PWM-PID: 104 135
(226.2, -13.7, 32.57)
************
(33, 121, 299)
Avoid-Side: 1.42
LEFT WALL
RETOUR MODUS
(0.0, 1)
PWM-PID: 114 103
(227.3, -12.9, 33.73)
************
(32, 121, 299)
Avoid-Side: 1.42
LEFT WALL
RETOUR MODUS
(0.0, 1)
PWM-PID: 76 86
(229.4, -11.6, 32.57)
************
(25, 104, 277)
Avoid-Side: 1.08
LEFT WALL
RETOUR MODUS
(0.0, 1)
PWM-PID: 70 81
(231.4, -10.3, 31.4)
************
(23, 77, 287)
Avoid-Side: 0.54
LEFT WALL
RETOUR MODUS
(0.0, 1)
PWM-PID: 93 107
(232.6, -9.6, 30.24)
************
(21, 91, 277)
Avoid-Side: 0.82
LEFT WALL
RETOUR MODUS
(0.0, 1)
PWM-PID: 82 80
(234.5, -8.6, 30.24)
************
(19, 91, 277)
Avoid-Side: 0.82
LEFT WALL
RETOUR MODUS
(0.0, 1)
PWM-PID: 81 93
(236.1, -7.6, 29.08)
************
(18, 85, 277)
Avoid-Side: 0.7
LEFT WALL
RETOUR MODUS
(0.0, 1)
PWM-PID: 92 93
(237.5, -6.8, 29.08)
************
(18, 82, 14)
Avoid-Side: 0.64
LEFT WALL
RETOUR MODUS
(0.0, 1)
PWM-PID: 79 92
(239.2, -5.9, 27.91)
************
(17, 80, 15)
Avoid-Side: 0.6
LEFT WALL
RETOUR MODUS
(0.0, 1)
PWM-PID: 92 79
(240.8, -5.0, 29.08)
************
(17, 79, 13)
Avoid-Side: 0.58
LEFT WALL
RETOUR MODUS
(0.0, 1)
PWM-PID: 91 106
(242.0, -4.4, 27.91)
************
(17, 77, 17)
Avoid-Side: 0.54
LEFT WALL
RETOUR MODUS
(0.0, 1)
PWM-PID: 81 79
(243.9, -3.4, 27.91)
************
(18, 77, 19)
Avoid-Side: 0.54
LEFT WALL
RETOUR MODUS
(0.0, 1)
PWM-PID: 92 92
(245.4, -2.6, 27.91)
************
(20, 79, 25)
Avoid-Side: 0.58
LEFT WALL
RETOUR MODUS
Done
(0.0, 0)
PWM-PID: 0 0
(247.1, -1.7, 26.75)
************
(23, 77, 29)
Avoid-Side: 0.54
LEFT WALL
(-1.0, 1)
PWM-PID: 95 0
(248.5, -1.0, 26.75)
************
(22, 71, 29)
Avoid-Side: 0.42
LEFT WALL
(-1.0, 1)
PWM-PID: 116 0
(248.7, -0.9, 25.59)
************
(17, 65, 29)
Avoid-Side: 0.3
LEFT WALL
(-1.0, 1)
PWM-PID: 81 0
(249.7, -0.5, 20.94)
************
(21, 90, 27)
Avoid-Side: 0.8
LEFT WALL
(-1.0, 1)
PWM-PID: 91 0
(250.5, -0.2, 17.45)
************
(41, 79, 27)
Avoid-Side: 0.58
LEFT WALL
(-0.641, 1)
PWM-PID: 108 26
(251.0, -0.1, 15.12)
************
(43, 68, 25)
Avoid-Side: 0.36
LEFT WALL
(-0.745, 1)
PWM-PID: 127 16
(251.3, 0.0, 13.96)
************
(42, 65, 25)
Avoid-Side: 0.3
LEFT WALL
(-0.862, 1)
PWM-PID: 148 6
(251.3, 0.0, 13.96)
************
(42, 62, 26)
Avoid-Side: 0.24
LEFT WALL
(-0.922, 1)
PWM-PID: 156 0
(251.8, 0.2, 16.28)
************
(43, 62, 25)
Avoid-Side: 0.24
LEFT WALL
(-0.865, 1)
PWM-PID: 160 17
(251.8, 0.2, 16.28)
************
(43, 62, 25)
Avoid-Side: 0.24
LEFT WALL
(-0.865, 1)
PWM-PID: 168 26
(251.8, 0.2, 16.28)
************
(43, 61, 26)
Avoid-Side: 0.22
LEFT WALL
RETOUR MODUS
(0.0, -1)
PWM-PID: 177 184
(251.8, 0.2, 16.28)
ACHTUNG BATTERIE LEER
************
(47, 74, 21)
Avoid-Side: 0.48
LEFT WALL
RETOUR MODUS
(0.0, -1)
PWM-PID: 178 155
(250.8, -0.1, 13.96)
************
(32, 69, 14)
Avoid-Side: 0.38
LEFT WALL
RETOUR MODUS
(0.0, -1)
PWM-PID: 96 87
(246.6, -1.2, 13.96)
************
(19, 83, 277)
Avoid-Side: 0.66
LEFT WALL
RETOUR MODUS
(1.0, -1)
PWM-PID: 0 98
(243.4, -2.0, 16.28)
************
(16, 83, 131)
Avoid-Side: 0.66
LEFT WALL
RETOUR MODUS
(1.0, -1)
PWM-PID: 0 102
(241.9, -2.4, 13.96)
************
(16, 76, 142)
Avoid-Side: 0.52
LEFT WALL
RETOUR MODUS
(1.0, -1)
PWM-PID: 0 197
(241.1, -2.6, 10.47)
************
(15, 70, 145)
Avoid-Side: 0.4
LEFT WALL
RETOUR MODUS
(1.0, -1)
PWM-PID: 0 255
(239.2, -2.8, 2.33)
************
(41, 49, 155)
Avoid-Side: -0.02
LEFT WALL
RETOUR MODUS
(1.0, -1)
PWM-PID: 5 64
(236.5, -2.7, 353.02)
************
(17, 37, 195)
Avoid-Side: -0.26
LEFT WALL
RETOUR MODUS
(1.0, -1)
PWM-PID: 5 255
(234.9, -2.4, 346.04)
************
(18, 33, 163)
Avoid-Side: -0.34
LEFT WALL
RETOUR MODUS
(1.0, -1)
PWM-PID: 11 99
(232.9, -1.8, 339.06)
************
(18, 31, 287)
Avoid-Side: -0.38
LEFT WALL
RETOUR MODUS
(1.0, -1)
PWM-PID: 16 255
(231.4, -1.1, 332.09)
************
(48, 26, 163)
Avoid-Side: -0.48
LEFT WALL
RETOUR MODUS
(0.0, 1)
PWM-PID: 209 255
(229.6, 0.1, 322.78)
ACHTUNG BATTERIE LEER
************
(99, 24, 176)
Avoid-Side: -0.52
LEFT WALL
RETOUR MODUS
(0.0, 1)
PWM-PID: 203 165
(231.5, -1.3, 326.27)
************
(79, 26, 185)
Avoid-Side: -0.48
LEFT WALL
RETOUR MODUS
(0.0, 1)
PWM-PID: 124 126
(235.3, -3.9, 325.11)
************
(249, 17, 171)
Avoid-Side: -0.66
LEFT WALL
RETOUR MODUS
(0.0, 1)
PWM-PID: 109 112
(238.6, -6.3, 323.95)
************
(287, 16, 180)
Avoid-Side: -0.68
LEFT WALL
RETOUR MODUS
(0.0, 1)
PWM-PID: 129 139
(240.6, -7.7, 322.78)
************
(96, 15, 176)
Avoid-Side: -0.7
LEFT WALL
RETOUR MODUS
(0.0, 1)
PWM-PID: 152 110
(242.6, -9.1, 326.27)
************
(97, 16, 171)
Avoid-Side: -0.68
LEFT WALL
RETOUR MODUS
(0.0, 1)
PWM-PID: 108 116
(245.0, -10.8, 325.11)
************
(241, 19, 171)
Avoid-Side: -0.62
LEFT WALL
RETOUR MODUS
(0.0, 1)
PWM-PID: 108 104
(247.2, -12.4, 325.11)
************
(185, 16, 190)
Avoid-Side: -0.68
LEFT WALL
RETOUR MODUS
(0.0, 1)
PWM-PID: 100 96
(249.4, -13.9, 325.11)
************
(121, 23, 176)
Avoid-Side: -0.54
LEFT WALL
RETOUR MODUS
Done
(0.0, 0)
PWM-PID: 0 0
(251.2, -15.1, 325.11)
************
(133, 23, 190)
Avoid-Side: -0.54
LEFT WALL
RETOUR MODUS
(0.0, -1)
PWM-PID: 120 121
(252.5, -16.1, 325.11)
ACHTUNG BATTERIE LEER
************
(185, 24, 176)
Avoid-Side: -0.52
LEFT WALL
RETOUR MODUS
(1.0, -1)
PWM-PID: 0 119
(251.4, -15.3, 323.95)
************
(126, 22, 180)
Avoid-Side: -0.56
LEFT WALL
RETOUR MODUS
(1.0, -1)
PWM-PID: 0 95
(249.7, -14.0, 323.95)
************
(213, 20, 180)
Avoid-Side: -0.6
LEFT WALL
RETOUR MODUS
(1.0, -1)
PWM-PID: 0 206
(248.9, -13.3, 319.29)
************
(159, 18, 104)
Avoid-Side: -0.64
LEFT WALL
RETOUR MODUS
(1.0, -1)
PWM-PID: 0 255
(247.5, -12.0, 311.15)
************
(77, 14, 152)
Avoid-Side: -0.72
LEFT WALL
RETOUR MODUS
(1.0, -1)
PWM-PID: 3 54
(245.8, -9.6, 300.68)
************
(108, 14, 213)
Avoid-Side: -0.72
LEFT WALL
RETOUR MODUS
(1.0, -1)
PWM-PID: 1 244
(245.1, -8.4, 294.87)
************
(118, 13, 277)
Avoid-Side: -0.74
LEFT WALL
RETOUR MODUS
(1.0, -1)
PWM-PID: 5 105
(244.4, -6.7, 289.05)
************
(145, 15, 249)
Avoid-Side: -0.7
LEFT WALL
RETOUR MODUS
(1.0, -1)
PWM-PID: 11 255
(244.1, -5.4, 283.24)
************
(123, 14, 241)
Avoid-Side: -0.72
LEFT WALL
RETOUR MODUS
(1.0, -1)
PWM-PID: 15 87
(243.7, -3.0, 275.1)
************
(131, 152, 241)
Avoid-Side: 2.04
LEFT WALL
RETOUR MODUS
(0.0, 1)
PWM-PID: 190 255
(243.6, -1.6, 269.28)
ACHTUNG BATTERIE LEER
************
(118, 241, 241)
Avoid-Side: 3.82
LEFT WALL
RETOUR MODUS
(0.0, 1)
PWM-PID: 175 163
(243.6, -3.5, 270.44)
************
(128, 277, 233)
Avoid-Side: 4.54
LEFT WALL
RETOUR MODUS
(0.0, 1)
PWM-PID: 119 97
(243.7, -7.6, 271.61)
************
(126, 102, 207)
Avoid-Side: 1.04
LEFT WALL
RETOUR MODUS
(0.0, 1)
PWM-PID: 100 106
(243.8, -11.1, 270.44)
************
(116, 171, 219)
Avoid-Side: 2.42
LEFT WALL
RETOUR MODUS
(0.0, 1)
PWM-PID: 114 124
(243.7, -13.5, 269.28)
************
(116, 142, 258)
Avoid-Side: 1.84
LEFT WALL
RETOUR MODUS
(0.0, 1)
PWM-PID: 122 106
(243.7, -15.9, 270.44)
************
(118, 180, 233)
Avoid-Side: 2.6
LEFT WALL
RETOUR MODUS
(0.0, 1)
PWM-PID: 103 99
(243.8, -18.6, 270.44)
************
(121, 96, 267)
Avoid-Side: 0.92
LEFT WALL
RETOUR MODUS
(0.0, 1)
PWM-PID: 109 107
(243.8, -20.8, 270.44)
************
(121, 82, 267)
Avoid-Side: 0.64
LEFT WALL
RETOUR MODUS
(0.0, 1)
PWM-PID: 94 90
(243.8, -23.5, 270.44)
************
(118, 90, 277)
Avoid-Side: 0.8
LEFT WALL
RETOUR MODUS
Done
(0.0, 0)
PWM-PID: 0 0
(243.8, -25.7, 270.44)
************
(118, 99, 258)
Avoid-Side: 0.98
LEFT WALL
(0.98, 1)
PWM-PID: 0 121
(243.8, -26.7, 270.44)
************
(121, 97, 201)
Avoid-Side: 0.94
LEFT WALL
(0.94, 1)
PWM-PID: 0 96
(243.9, -28.1, 273.93)
************
(101, 108, 241)
Avoid-Side: 1.16
LEFT WALL
(1.0, 1)
PWM-PID: 0 90
(244.0, -29.4, 277.42)
************
(131, 287, 277)
Avoid-Side: 4.74
LEFT WALL
(1.0, 1)
PWM-PID: 0 100
(244.2, -30.5, 279.75)
************
(159, 287, 219)
Avoid-Side: 4.74
LEFT WALL
(1.0, 1)
PWM-PID: 0 86
(244.4, -31.5, 284.4)
************
(99, 287, 249)
Avoid-Side: 4.74
LEFT WALL
(1.0, 1)
PWM-PID: 0 98
(244.6, -32.3, 287.89)
************
(110, 287, 277)
Avoid-Side: 4.74
LEFT WALL
(1.0, 1)
PWM-PID: 0 99
(244.9, -33.1, 291.38)
************
(139, 299, 287)
Avoid-Side: 4.98
LEFT WALL
(1.0, 1)
PWM-PID: 0 85
(245.3, -34.1, 296.03)
************
(126, 299, 195)
Avoid-Side: 4.98
LEFT WALL
(1.0, 1)
PWM-PID: 0 95
(245.8, -35.0, 298.36)
************
(118, 287, 148)
Avoid-Side: 4.74
LEFT WALL
(1.0, 1)
PWM-PID: 0 82
(246.4, -36.0, 303.01)
************
(142, 277, 139)
Avoid-Side: 4.54
LEFT WALL
(1.0, 1)
PWM-PID: 0 94
(246.8, -36.6, 306.5)
************
(116, 277, 152)
Avoid-Side: 4.54
LEFT WALL
(1.0, 1)
PWM-PID: 0 97
(247.3, -37.3, 309.99)
************
(136, 145, 155)
Avoid-Side: 1.9
LEFT WALL
(1.0, 1)
PWM-PID: 0 81
(248.1, -38.1, 314.64)
************
(139, 85, 99)
Avoid-Side: 0.7
LEFT WALL
(0.7, 1)
PWM-PID: 2 96
(248.8, -38.8, 316.97)
************
(128, 104, 136)
Avoid-Side: 1.08
LEFT WALL
(1.0, 1)
PWM-PID: 0 94
(249.4, -39.4, 320.46)
************
(94, 68, 163)
Avoid-Side: 0.36
LEFT WALL
(0.36, 1)
PWM-PID: 76 89
(250.3, -40.0, 325.11)
************
(171, 61, 171)
Avoid-Side: 0.22
LEFT WALL
(0.22, 1)
PWM-PID: 103 107
(251.0, -40.4, 328.6)
************
(96, 58, 171)
Avoid-Side: 0.16
LEFT WALL
(0.16, 1)
PWM-PID: 64 89
(252.8, -41.6, 328.6)
************
(85, 64, 171)
Avoid-Side: 0.28
LEFT WALL
(0.28, 1)
PWM-PID: 44 90
(254.7, -42.7, 328.6)
************
(101, 63, 190)
Avoid-Side: 0.26
LEFT WALL
(0.26, 1)
PWM-PID: 54 98
(256.1, -43.5, 328.6)
************
(139, 63, 102)
Avoid-Side: 0.26
LEFT WALL
(0.26, 1)
PWM-PID: 67 85
(257.5, -44.4, 330.92)
************
(163, 62, 131)
Avoid-Side: 0.24
LEFT WALL
(0.24, 1)
PWM-PID: 71 101
(258.6, -45.0, 332.09)
************
(277, 62, 126)
Avoid-Side: 0.24
LEFT WALL
(0.24, 1)
PWM-PID: 57 83
(260.3, -45.9, 333.25)
************
(128, 61, 142)
Avoid-Side: 0.22
LEFT WALL
(0.22, 1)
PWM-PID: 72 97
(261.5, -46.5, 334.41)
************
(82, 60, 159)
Avoid-Side: 0.2
LEFT WALL
(0.2, 1)
PWM-PID: 65 86
(263.2, -47.3, 335.58)
************
(77, 59, 195)
Avoid-Side: 0.18
LEFT WALL
(0.0, 1)
PWM-PID: 98 99
(264.7, -47.9, 335.58)
************
(76, 59, 201)
GOAL
24.5590636296
(0.628, 1)
PWM-PID: 0 80
(266.4, -48.7, 336.74)
************
(94, 61, 201)
GOAL
23.4013983661
(0.599, 1)
PWM-PID: 2 90
(267.7, -49.2, 337.9)
************
(79, 58, 207)
GOAL
22.2428594999
(0.571, 1)
PWM-PID: 34 96
(268.4, -49.5, 341.39)
************
(110, 49, 116)
GOAL
18.7537356898
(0.484, 1)
PWM-PID: 40 85
(269.7, -49.9, 344.88)
************
(84, 47, 128)
GOAL
15.2649067324
(0.397, 1)
PWM-PID: 43 98
(271.0, -50.2, 346.04)
************
(207, 45, 241)
GOAL
14.1057875171
(0.369, 1)
PWM-PID: 62 87
(272.4, -50.5, 349.53)
************
(148, 43, 190)
GOAL
10.6166691612
(0.282, 1)
PWM-PID: 65 101
(273.7, -50.7, 350.7)
************
(233, 41, 190)
GOAL
9.44725973066
(0.253, 1)
PWM-PID: 70 100
(275.0, -51.0, 351.86)
************
(213, 41, 126)
GOAL
8.28814084886
(0.224, 1)
PWM-PID: 77 88
(276.6, -51.1, 354.18)
************
(241, 41, 126)
GOAL
5.96844336079
(0.166, 1)
PWM-PID: 72 85
(278.5, -51.3, 355.35)
************
(277, 42, 133)
GOAL
4.79903870698
(0.137, 1)
PWM-PID: 60 95
(280.4, -51.5, 354.18)
************
(171, 42, 145)
GOAL
5.96963416785
(0.166, 1)
PWM-PID: 68 96
(282.0, -51.7, 354.18)
************
(94, 43, 142)
GOAL
5.97022745779
(0.167, 1)
PWM-PID: 68 83
(283.9, -51.8, 355.35)
************
(88, 43, 145)
GOAL
4.80053253686
(0.137, 1)
PWM-PID: 74 86
(285.8, -52.0, 356.51)
************
(139, 43, 133)
GOAL
3.64112830473
(0.108, 1)
PWM-PID: 76 94
(287.4, -52.1, 356.51)
************
(185, 44, 139)
GOAL
3.6414312248
(0.109, 1)
PWM-PID: 77 96
(289.0, -52.2, 356.51)
************
(190, 45, 118)
GOAL
3.64173419404
(0.109, 1)
PWM-PID: 76 80
(290.9, -52.3, 357.67)
************
(258, 43, 118)
GOAL
2.48203952667
(0.08, 1)
PWM-PID: 79 93
(292.5, -52.3, 357.67)
************
(249, 44, 142)
GOAL
2.4820518703
(0.08, 1)
PWM-PID: 79 93
(294.1, -52.4, 357.67)
************
(249, 46, 131)
GOAL
2.48235496832
(0.08, 1)
PWM-PID: 80 80
(296.0, -52.4, 358.84)
************
(249, 45, 136)
GOAL
1.3123696594
(0.051, 1)
PWM-PID: 83 92
(297.6, -52.5, 358.84)
************
(249, 47, 159)
GOAL
1.31267283707
(0.051, 1)
PWM-PID: 84 93
(299.3, -52.5, 358.84)
************
(249, 48, 148)
GOAL
1.31268601135
(0.051, 1)
PWM-PID: 74 81
(301.4, -52.6, 358.84)
************
(249, 49, 152)
GOAL
1.31299314873
(0.051, 1)
PWM-PID: 82 91
(303.0, -52.6, 358.84)
************
(258, 48, 148)
GOAL
1.3130055764
(0.051, 1)
PWM-PID: 82 91
(304.7, -52.6, 358.84)
************
(258, 49, 152)
GOAL
1.31301878302
(0.051, 1)
PWM-PID: 85 94
(306.3, -52.7, 358.84)
************
(258, 49, 213)
GOAL
1.31332214733
(0.051, 1)
PWM-PID: 71 77
(308.4, -52.7, 358.84)
ACHTUNG BATTERIE LEER
************
(258, 52, 190)
GOAL
1.31333849821
(0.051, 1)
PWM-PID: 83 92
(310.1, -52.7, 358.84)
************
(258, 52, 195)
GOAL
1.31335173719
(0.051, 1)
PWM-PID: 82 91
(311.7, -52.8, 358.84)
************
(258, 54, 171)
GOAL
1.31365521177
(0.051, 1)
PWM-PID: 83 92
(313.3, -52.8, 358.84)
************
(258, 54, 148)
GOAL
1.31366769975
(0.051, 1)
PWM-PID: 69 76
(315.5, -52.8, 358.84)
************
(267, 54, 133)
GOAL
1.31368487404
(0.051, 1)
PWM-PID: 80 89
(317.1, -52.9, 358.84)
************
(267, 55, 131)
GOAL
1.31398845894
(0.051, 1)
PWM-PID: 83 92
(318.7, -52.9, 358.84)
************
(249, 56, 133)
GOAL
1.31400097744
(0.051, 1)
PWM-PID: 82 77
(320.6, -52.9, 360.0)
************
(258, 56, 131)
GOAL
0.154015845804
(0.022, 1)
PWM-PID: 86 90
(322.2, -52.9, 360.0)
************
(277, 56, 131)
GOAL
0.154028368757
(0.022, 1)
PWM-PID: 88 79
(324.1, -52.9, 1.16)
************
(267, 56, 131)
GOAL
-1.00595675759
(-0.007, 1)
PWM-PID: 75 87
(326.0, -52.9, 360.0)
************
(267, 56, 128)
GOAL
0.154058118934
(0.022, 1)
PWM-PID: 85 76
(327.9, -52.9, 1.16)
************
(258, 57, 114)
GOAL
-1.00592700167
(-0.007, 1)
PWM-PID: 92 92
(329.5, -52.8, 1.16)
************
(311, 58, 131)
GOAL
-1.00620574501
(-0.007, 1)
PWM-PID: 77 74
(331.7, -52.8, 1.16)
************
(258, 62, 114)
GOAL
-1.00618854242
(-0.007, 1)
PWM-PID: 90 90
(333.3, -52.8, 1.16)
************
(277, 60, 104)
GOAL
-1.00617602903
(-0.007, 1)
PWM-PID: 77 74
(335.4, -52.7, 1.16)
************
(277, 61, 101)
GOAL
-1.0064509651
(-0.007, 1)
PWM-PID: 86 86
(337.1, -52.7, 1.16)
************
(267, 64, 85)
GOAL
-1.00643768974
(-0.007, 1)
PWM-PID: 79 77
(339.2, -52.6, 1.16)
************
(267, 61, 77)
GOAL
-1.00671270691
(-0.007, 1)
PWM-PID: 88 88
(340.8, -52.6, 1.16)
************
(249, 61, 74)
GOAL
-1.0067002314
(-0.007, 1)
PWM-PID: 76 87
(342.7, -52.6, 360.0)
************
(258, 61, 67)
GOAL
0.1533145859
(0.022, 1)
PWM-PID: 84 74
(344.6, -52.6, 1.16)
************
(249, 61, 61)
GOAL
-1.00667059393
(-0.007, 1)
PWM-PID: 89 88
(346.2, -52.5, 1.16)
************
(267, 63, 57)
GOAL
-1.00694963468
(-0.007, 1)
PWM-PID: 77 75
(348.4, -52.5, 1.16)
************
(267, 51, 51)
GOAL
-1.00693250075
(-0.007, 1)
PWM-PID: 79 90
(350.3, -52.5, 360.0)
************
(249, 48, 44)
GOAL
0.153082299825
(0.022, 1)
PWM-PID: 89 81
(352.2, -52.5, 1.16)
************
(258, 58, 39)
GOAL
-1.00690289674
(-0.007, 1)
PWM-PID: 77 75
(354.3, -52.4, 1.16)
************
(267, 49, 33)
GOAL
-1.00717817503
(-0.007, 1)
PWM-PID: 85 84
(356.0, -52.4, 1.16)
************
(258, 139, 28)
GOAL
-1.00716494983
(-0.007, 1)
PWM-PID: 89 89
(357.6, -52.3, 1.16)
************
(258, 287, 20)
GOAL
-1.00744419281
(-0.007, 1)
PWM-PID: 78 76
(359.7, -52.3, 1.16)
************
(287, 277, 23)
GOAL
-1.00742788116
(-0.007, 1)
PWM-PID: 88 88
(361.4, -52.3, 1.16)
************
(287, 287, 23)
GOAL
-1.00741467394
(-0.007, 1)
PWM-PID: 77 88
(363.2, -52.2, 360.0)
************
(258, 287, 29)
GOAL
0.152307537163
(0.022, 1)
PWM-PID: 84 74
(365.1, -52.2, 1.16)
************
(249, 258, 110)
GOAL
-1.00767772464
(-0.007, 1)
PWM-PID: 86 85
(366.8, -52.2, 1.16)
************
(258, 287, 26)
GOAL
-1.00766453542
(-0.007, 1)
PWM-PID: 73 85
(368.6, -52.2, 360.0)
************
(258, 287, 13)
GOAL
0.152349432129
(0.022, 1)
PWM-PID: 85 76
(370.5, -52.2, 1.16)
************
(267, 287, 19)
GOAL
-1.00763582157
(-0.007, 1)
PWM-PID: 86 85
(372.2, -52.1, 1.16)
************
(267, 267, 21)
GOAL
-1.0079145344
(-0.007, 1)
PWM-PID: 91 91
(373.8, -52.1, 1.16)
************
(267, 287, 22)
GOAL
-1.00790213589
(-0.007, 1)
PWM-PID: 78 75
(375.9, -52.0, 1.16)
************
(267, 287, 21)
GOAL
-1.00817782413
(-0.007, 1)
PWM-PID: 74 85
(377.8, -52.0, 360.0)
************
(249, 277, 21)
GOAL
0.151836876607
(0.022, 1)
PWM-PID: 87 79
(379.7, -52.0, 1.16)
************
(277, 299, 21)
GOAL
-1.00814841981
(-0.008, 1)
PWM-PID: 86 85
(381.3, -52.0, 1.16)
************
(277, 287, 21)
GOAL
-1.00813603564
(-0.008, 1)
PWM-PID: 87 87
(382.9, -51.9, 1.16)
************
(258, 287, 20)
GOAL
-1.00841571798
(-0.008, 1)
PWM-PID: 78 76
(385.1, -51.9, 1.16)
************
(249, 277, 21)
GOAL
-1.00839871642
(-0.008, 1)
PWM-PID: 86 85
(386.7, -51.9, 1.16)
************
(258, 287, 21)
GOAL
-1.00838634926
(-0.008, 1)
PWM-PID: 87 87
(388.3, -51.8, 1.16)
************
(258, 287, 19)
GOAL
-1.00866612904
(-0.008, 1)
PWM-PID: 74 71
(390.5, -51.8, 1.16)
************
(258, 267, 19)
GOAL
-1.0086491509
(-0.008, 1)
PWM-PID: 85 98
(391.9, -51.8, 360.0)
************
(267, 277, 18)
GOAL
0.151361655362
(0.021, 1)
PWM-PID: 84 74
(393.7, -51.8, 1.16)
************
(277, 249, 19)
GOAL
-1.00862444861
(-0.008, 1)
PWM-PID: 77 87
(395.6, -51.7, 360.0)
************
(258, 207, 19)
GOAL
0.15109796443
(0.021, 1)
PWM-PID: 85 90
(397.3, -51.7, 360.0)
************
(249, 267, 20)
GOAL
0.151111068
(0.021, 1)
PWM-PID: 85 74
(399.1, -51.7, 1.16)
************
(258, 241, 19)
GOAL
-1.00887505515
(-0.008, 1)
PWM-PID: 73 84
(401.0, -51.7, 360.0)
************
(277, 213, 19)
GOAL
0.151139595392
(0.021, 1)
PWM-PID: 82 86
(402.7, -51.7, 360.0)
************
(277, 213, 19)
GOAL
0.151152706184
(0.021, 1)
PWM-PID: 86 91
(404.3, -51.7, 360.0)
************
(258, 219, 19)
GOAL
0.151165047831
(0.021, 1)
PWM-PID: 86 76
(406.2, -51.7, 1.16)
************
(233, 226, 20)
GOAL
-1.00882029385
(-0.008, 1)
PWM-PID: 75 86
(408.1, -51.7, 360.0)
************
(277, 226, 121)
GOAL
0.151194367321
(0.021, 1)
PWM-PID: 85 89
(409.7, -51.7, 360.0)
************
(267, 249, 35)
GOAL
0.151206715772
(0.021, 1)
PWM-PID: 76 79
(411.8, -51.7, 360.0)
************
(267, 233, 26)
GOAL
0.151222926175
(0.021, 1)
PWM-PID: 78 81
(415.1, -51.7, 360.0)
************
(277, 190, 19)
GOAL
0.15124840669
(0.021, 1)
PWM-PID: 87 92
(416.7, -51.7, 360.0)
************
(258, 213, 18)
GOAL
0.151260763971
(0.021, 1)
PWM-PID: 86 76
(418.6, -51.6, 1.16)
************
(267, 207, 18)
GOAL
-1.00901716018
(-0.008, 1)
PWM-PID: 73 85
(420.5, -51.6, 360.0)
************
(258, 207, 22)
GOAL
0.150997491168
(0.021, 1)
PWM-PID: 82 86
(422.1, -51.6, 360.0)
************
(267, 213, 287)
GOAL
0.151009831351
(0.021, 1)
PWM-PID: 83 87
(423.7, -51.6, 360.0)
************
(277, 201, 185)
GOAL
0.151022173551
(0.021, 1)
PWM-PID: 84 74
(425.6, -51.6, 1.16)
************
(287, 195, 159)
GOAL
-1.00896316747
(-0.008, 1)
PWM-PID: 87 86
(427.2, -51.6, 1.16)
************
(299, 190, 159)
GOAL
-1.00895082085
(-0.008, 1)
PWM-PID: 73 84
(429.1, -51.5, 360.0)
************
(287, 213, 24)
GOAL
0.150771085341
(0.021, 1)
PWM-PID: 86 91
(430.7, -51.5, 360.0)
************
(258, 233, 21)
GOAL
0.150783412436
(0.021, 1)
PWM-PID: 77 80
(432.9, -51.5, 360.0)
************
(267, 233, 287)
GOAL
0.150800365484
(0.021, 1)
PWM-PID: 83 87
(434.5, -51.5, 360.0)
************
(258, 213, 299)
GOAL
0.150812697367
(0.021, 1)
PWM-PID: 83 87
(436.1, -51.5, 360.0)
************
(249, 267, 249)
GOAL
0.150825031268
(0.021, 1)
PWM-PID: 71 73
(438.3, -51.5, 360.0)
************
(258, 277, 190)
GOAL
0.150841993676
(0.021, 1)
PWM-PID: 81 85
(439.9, -51.5, 360.0)
************
(258, 277, 84)
GOAL
0.150854332369
(0.021, 1)
PWM-PID: 85 90
(441.5, -51.5, 360.0)
************
(277, 277, 61)
GOAL
0.150866673081
(0.021, 1)
PWM-PID: 74 90
(443.4, -51.6, 358.84)
************
(249, 299, 69)
GOAL
1.3111743024
(0.05, 1)
PWM-PID: 82 79
(445.3, -51.6, 360.0)
************
(277, 287, 76)
GOAL
0.15118899093
(0.021, 1)
PWM-PID: 79 83
(447.5, -51.6, 360.0)
************
(277, 287, 90)
GOAL
0.151206002271
(0.021, 1)
PWM-PID: 83 87
(449.1, -51.6, 360.0)
************
(258, 267, 133)
GOAL
0.151218376559
(0.021, 1)
PWM-PID: 72 88
(451.0, -51.6, 358.84)
************
(258, 213, 277)
GOAL
1.31123307366
(0.05, 1)
PWM-PID: 78 87
(452.6, -51.6, 358.84)
************
(258, 171, 299)
GOAL
1.31124545238
(0.05, 1)
PWM-PID: 79 88
(454.2, -51.7, 358.84)
************
(258, 207, 277)
GOAL
1.31155096709
(0.05, 1)
PWM-PID: 79 88
(455.8, -51.7, 358.84)
************
(258, 195, 76)
GOAL
1.31156337387
(0.05, 1)
PWM-PID: 84 80
(457.7, -51.7, 360.0)
************
(287, 185, 82)
GOAL
0.151578109545
(0.021, 1)
PWM-PID: 76 91
(459.6, -51.7, 358.84)
************
(267, 155, 91)
GOAL
1.31159284809
(0.051, 1)
PWM-PID: 80 75
(461.5, -51.8, 360.0)
************
(258, 152, 94)
GOAL
0.151900832983
(0.021, 1)
PWM-PID: 84 88
(463.1, -51.8, 360.0)
************
(258, 145, 93)
GOAL
0.151913273042
(0.022, 1)
PWM-PID: 84 88
(464.7, -51.8, 360.0)
************
(258, 131, 93)
GOAL
0.151925715139
(0.022, 1)
PWM-PID: 71 87
(466.6, -51.8, 358.84)
************
(287, 126, 91)
GOAL
1.31194049278
(0.051, 1)
PWM-PID: 80 90
(468.3, -51.8, 358.84)
************
(277, 131, 80)
GOAL
1.31195371731
(0.051, 1)
PWM-PID: 81 75
(470.1, -51.8, 360.0)
************
(267, 126, 94)
GOAL
0.151967722267
(0.022, 1)
PWM-PID: 84 87
(471.8, -51.8, 360.0)
************
(258, 118, 99)
GOAL
0.151980951542
(0.022, 1)
PWM-PID: 84 88
(473.4, -51.8, 360.0)
************
(258, 114, 80)
GOAL
0.151993404728
(0.022, 1)
PWM-PID: 76 92
(475.3, -51.9, 358.84)
************
(267, 118, 87)
GOAL
1.31230164627
(0.051, 1)
PWM-PID: 81 76
(477.2, -51.9, 360.0)
************
(267, 121, 121)
GOAL
0.152316468518
(0.022, 1)
PWM-PID: 84 88
(478.8, -51.9, 360.0)
************
(258, 126, 91)
GOAL
0.152328952648
(0.022, 1)
PWM-PID: 85 89
(480.4, -51.9, 360.0)
************
(277, 126, 85)
GOAL
0.152341438825
(0.022, 1)
PWM-PID: 76 92
(482.3, -51.9, 358.84)
************
(258, 126, 87)
GOAL
1.31235626882
(0.051, 1)
PWM-PID: 83 92
(483.9, -51.9, 358.84)
************
(267, 121, 88)
GOAL
1.31236875947
(0.051, 1)
PWM-PID: 76 84
(486.1, -52.0, 358.84)
************
(258, 118, 93)
GOAL
1.3126795506
(0.051, 1)
PWM-PID: 81 76
(488.0, -52.0, 360.0)
************
(277, 118, 112)
GOAL
0.152694417854
(0.022, 1)
PWM-PID: 84 102
(489.3, -52.0, 358.84)
************
(258, 112, 133)
GOAL
1.31270459185
(0.051, 1)
PWM-PID: 82 77
(491.2, -52.0, 360.0)
************
(267, 108, 139)
GOAL
0.152719463978
(0.022, 1)
PWM-PID: 85 89
(492.8, -52.0, 360.0)
************
(258, 108, 148)
GOAL
0.152731990121
(0.022, 1)
PWM-PID: 72 89
(494.7, -52.0, 358.84)
************
(249, 104, 133)
GOAL
1.31274686759
(0.051, 1)
PWM-PID: 80 74
(496.6, -52.1, 360.0)
************
(267, 104, 106)
GOAL
0.153055519144
(0.022, 1)
PWM-PID: 83 102
(498.0, -52.1, 358.84)
************
(277, 102, 90)
GOAL
1.31306650657
(0.051, 1)
PWM-PID: 81 76
(499.8, -52.1, 360.0)
************
(277, 96, 57)
GOAL
0.15308063557
(0.022, 1)
PWM-PID: 76 91
(501.7, -52.1, 358.84)
************
(267, 99, 32)
GOAL
1.31309555235
(0.051, 1)
PWM-PID: 85 82
(503.6, -52.1, 360.0)
************
(267, 94, 38)
GOAL
0.153110472035
(0.022, 1)
PWM-PID: 72 88
(505.5, -52.1, 358.84)
************
(258, 91, 48)
GOAL
1.31312539463
(0.051, 1)
PWM-PID: 83 92
(507.1, -52.2, 358.84)
************
(267, 96, 213)
GOAL
1.31343189271
RETOUR MODUS
(0.0, -1)
PWM-PID: 104 97
(509.0, -52.2, 360.0)
************
(267, 94, 47)
GOAL
0.153446849314
RETOUR MODUS
(0.0, -1)
PWM-PID: 123 115
(508.2, -52.2, 358.84)
************
(77, 94, 24)
GOAL
1.31344055144
RETOUR MODUS
(0.0, -1)
PWM-PID: 86 84
(505.5, -52.1, 358.84)
************
(267, 94, 56)
GOAL
1.31312539463
RETOUR MODUS
(0.0, -1)
PWM-PID: 70 81
(503.1, -52.1, 360.0)
************
(90, 96, 155)
GOAL
0.15310654552
RETOUR MODUS
(-1.0, -1)
PWM-PID: 93 0
(501.2, -52.1, 358.84)
************
(277, 102, 152)
GOAL
1.3130916266
RETOUR MODUS
(-1.0, -1)
PWM-PID: 98 0
(500.4, -52.1, 360.0)
************
(258, 104, 52)
GOAL
0.153085345818
RETOUR MODUS
(-1.0, -1)
PWM-PID: 87 0
(499.6, -52.1, 3.49)
************
(258, 121, 54)
GOAL
-3.33692093445
RETOUR MODUS
(-1.0, -1)
PWM-PID: 72 0
(498.5, -52.2, 8.14)
************
(258, 118, 277)
GOAL
-7.98663576916
RETOUR MODUS
(-1.0, -1)
PWM-PID: 98 0
(498.0, -52.3, 10.47)
************
(123, 171, 131)
GOAL
-10.3163459089
RETOUR MODUS
(-1.0, -1)
PWM-PID: 86 0
(497.2, -52.5, 13.96)
************
(241, 185, 91)
GOAL
-13.8057646513
RETOUR MODUS
(-1.0, -1)
PWM-PID: 87 0
(496.1, -52.8, 16.28)
************
(249, 201, 96)
GOAL
-16.1248920591
RETOUR MODUS
(-1.0, -1)
PWM-PID: 85 0
(495.4, -53.0, 19.77)
************
(171, 277, 99)
GOAL
-19.6143101197
RETOUR MODUS
(-1.0, -1)
PWM-PID: 87 0
(494.6, -53.3, 23.26)
************
(155, 249, 76)
GOAL
-23.1034352822
RETOUR MODUS
(-1.0, -1)
PWM-PID: 92 0
(493.9, -53.7, 26.75)
************
(167, 249, 69)
GOAL
-26.592265979
RETOUR MODUS
(-1.0, -1)
PWM-PID: 81 0
(492.9, -54.2, 31.4)
************
(277, 145, 72)
GOAL
-31.2408054883
RETOUR MODUS
(-1.0, -1)
PWM-PID: 88 0
(492.3, -54.6, 34.89)
************
(142, 195, 61)
GOAL
-34.7296355597
RETOUR MODUS
(-1.0, -1)
PWM-PID: 94 0
(491.6, -55.1, 38.38)
************
(101, 171, 57)
GOAL
-38.2181728355
RETOUR MODUS
(-1.0, -1)
PWM-PID: 81 0
(490.8, -55.8, 43.03)
************
(148, 219, 54)
GOAL
-42.8661236863
RETOUR MODUS
(-1.0, -1)
PWM-PID: 103 0
(490.4, -56.2, 45.36)
************
(54, 299, 53)
Avoid-Side: 0.06
RIGHT WALL
RETOUR MODUS
(-1.0, -1)
PWM-PID: 83 0
(489.5, -57.2, 48.85)
************
(96, 287, 49)
Avoid-Side: -0.02
RIGHT WALL
RETOUR MODUS
(-1.0, -1)
PWM-PID: 93 0
(489.0, -57.8, 52.34)
************
(104, 207, 44)
Avoid-Side: -0.12
RIGHT WALL
RETOUR MODUS
(0.0, 1)
PWM-PID: 84 132
(488.3, -58.7, 56.99)
************
(101, 213, 33)
Avoid-Side: -0.34
RIGHT WALL
RETOUR MODUS
(0.0, 1)
PWM-PID: 114 105
(489.1, -57.5, 58.15)
************
(102, 207, 287)
Avoid-Side: 4.74
RIGHT WALL
RETOUR MODUS
(0.0, 1)
PWM-PID: 73 84
(490.4, -55.5, 56.99)
************
(99, 176, 93)
Avoid-Side: 0.86
RIGHT WALL
RETOUR MODUS
(0.0, 1)
PWM-PID: 67 78
(491.7, -53.5, 55.83)
************
(97, 213, 90)
Avoid-Side: 0.8
RIGHT WALL
RETOUR MODUS
(0.0, 1)
PWM-PID: 90 91
(492.6, -52.1, 55.83)
************
(97, 249, 131)
Avoid-Side: 1.62
RIGHT WALL
RETOUR MODUS
(0.0, 1)
PWM-PID: 93 94
(493.5, -50.8, 55.83)
************
(96, 241, 96)
Avoid-Side: 0.92
RIGHT WALL
RETOUR MODUS
(0.0, 1)
PWM-PID: 78 77
(494.7, -49.0, 55.83)
************
(94, 207, 52)
Avoid-Side: 0.04
RIGHT WALL
RETOUR MODUS
(0.0, 1)
PWM-PID: 81 93
(495.8, -47.4, 54.66)
************
(93, 190, 76)
Avoid-Side: 0.52
RIGHT WALL
RETOUR MODUS
(0.0, 1)
PWM-PID: 81 81
(497.1, -45.7, 54.66)
************
(91, 171, 145)
Avoid-Side: 1.9
RIGHT WALL
RETOUR MODUS
(0.0, 1)
PWM-PID: 88 89
(498.0, -44.4, 54.66)
************
(91, 180, 277)
Avoid-Side: 4.54
RIGHT WALL
RETOUR MODUS
(0.0, 1)
PWM-PID: 90 90
(498.9, -43.0, 54.66)
************
(88, 167, 311)
Avoid-Side: 5.22
RIGHT WALL
RETOUR MODUS
(0.0, 1)
PWM-PID: 69 79
(500.4, -41.1, 53.5)
************
(93, 155, 299)
Avoid-Side: 4.98
RIGHT WALL
RETOUR MODUS
Done
(0.0, 0)
PWM-PID: 0 0
(501.3, -39.8, 53.5)
************
(91, 267, 299)
Avoid-Side: 4.98
RIGHT WALL
(-1.0, 1)
PWM-PID: 101 0
(502.0, -38.9, 53.5)
************
(90, 195, 277)
Avoid-Side: 4.54
RIGHT WALL
(-1.0, 1)
PWM-PID: 128 0
(502.1, -38.7, 54.66)
************
(79, 287, 83)
Avoid-Side: 0.66
RIGHT WALL
(-0.66, 1)
PWM-PID: 74 17
(503.0, -37.6, 48.85)
************
(72, 139, 112)
Avoid-Side: 1.24
RIGHT WALL
(-1.0, 1)
PWM-PID: 69 0
(504.1, -36.4, 44.2)
************
(59, 159, 59)
Avoid-Side: 0.18
RIGHT WALL
(0.317, 1)
PWM-PID: 27 126
(504.9, -35.7, 39.54)
************
(55, 159, 57)
Avoid-Side: 0.14
RIGHT WALL
(0.467, 1)
PWM-PID: 24 91
(505.9, -34.9, 40.71)
************
(46, 131, 85)
Avoid-Side: 0.7
RIGHT WALL
(0.251, 1)
PWM-PID: 78 91
(506.9, -33.9, 44.2)
************
(76, 139, 64)
Avoid-Side: 0.28
RIGHT WALL
(-0.28, 1)
PWM-PID: 125 43
(507.9, -33.0, 47.69)
************
(76, 142, 93)
Avoid-Side: 0.86
RIGHT WALL
(-0.86, 1)
PWM-PID: 79 0
(509.2, -31.6, 44.2)
************
(56, 145, 90)
Avoid-Side: 0.8
RIGHT WALL
(-0.223, 1)
PWM-PID: 78 80
(510.2, -30.7, 40.71)
************
(61, 226, 79)
Avoid-Side: 0.58
RIGHT WALL
(-0.131, 1)
PWM-PID: 90 90
(511.4, -29.7, 38.38)
************
(56, 241, 85)
Avoid-Side: 0.7
RIGHT WALL
(-0.123, 1)
PWM-PID: 91 69
(513.1, -28.3, 38.38)
************
(96, 180, 88)
Avoid-Side: 0.76
RIGHT WALL
(-0.76, 1)
PWM-PID: 95 0
(514.4, -27.3, 38.38)
************
(93, 249, 75)
Avoid-Side: 0.5
RIGHT WALL
(-0.5, 1)
PWM-PID: 76 30
(515.5, -26.5, 34.89)
************
(131, 219, 68)
Avoid-Side: 0.36
RIGHT WALL
(-0.36, 1)
PWM-PID: 90 71
(516.1, -26.1, 31.4)
************
(110, 159, 65)
Avoid-Side: 0.3
RIGHT WALL
(-0.3, 1)
PWM-PID: 95 58
(517.3, -25.4, 30.24)
************
(96, 167, 63)
Avoid-Side: 0.26
RIGHT WALL
(-0.26, 1)
PWM-PID: 82 50
(518.9, -24.5, 29.08)
************
(131, 180, 63)
Avoid-Side: 0.26
RIGHT WALL
(-0.26, 1)
PWM-PID: 93 77
(519.9, -23.9, 26.75)
************
(249, 180, 65)
Avoid-Side: 0.3
RIGHT WALL
(-0.3, 1)
PWM-PID: 89 49
(521.6, -23.1, 25.59)
************
(131, 133, 65)
Avoid-Side: 0.3
RIGHT WALL
(-0.3, 1)
PWM-PID: 85 45
(523.3, -22.3, 24.42)
************
(171, 128, 59)
Avoid-Side: 0.18
LEFT WALL
(0.0, 1)
PWM-PID: 94 123
(524.3, -21.9, 22.1)
************
(142, 131, 59)
GOAL
-22.0355721724
(-0.539, 1)
PWM-PID: 89 0
(526.3, -21.1, 22.1)
************
(139, 128, 59)
GOAL
-22.0379193233
(-0.54, 1)
PWM-PID: 93 14
(527.6, -20.6, 20.94)
************
(139, 93, 52)
GOAL
-20.8793863819
(-0.512, 1)
PWM-PID: 92 33
(528.6, -20.2, 18.61)
************
(258, 69, 68)
GOAL
-18.550560292
(-0.454, 1)
PWM-PID: 86 57
(529.6, -19.9, 13.96)
************
(258, 51, 49)
GOAL
-13.9014400518
(-0.338, 1)
PWM-PID: 89 55
(531.2, -19.6, 11.63)
************
(277, 48, 49)
GOAL
-11.5723181244
(-0.28, 1)
PWM-PID: 90 66
(532.8, -19.3, 9.3)
************
(142, 54, 49)
GOAL
-9.24319634142
(-0.222, 1)
PWM-PID: 90 64
(534.6, -19.0, 8.14)
************
(152, 51, 46)
GOAL
-8.0840741282
(-0.194, 1)
PWM-PID: 98 79
(536.0, -18.8, 6.98)
************
(126, 50, 45)
GOAL
-6.92465884094
(-0.165, 1)
PWM-PID: 79 73
(538.1, -18.6, 4.65)
************
(110, 43, 67)
GOAL
-4.59524166836
(-0.107, 1)
PWM-PID: 91 72
(540.3, -18.4, 4.65)
************
(101, 23, 60)
GOAL
-4.59582434319
(-0.107, 1)
PWM-PID: 89 83
(542.2, -18.3, 3.49)
************
(87, 19, 48)
GOAL
-3.43611351458
(-0.078, 1)
PWM-PID: 88 74
(544.3, -18.1, 3.49)
************
(108, 18, 34)
GOAL
-3.43669668478
(-0.078, 1)
PWM-PID: 86 84
(546.2, -18.0, 2.33)
************
(190, 52, 35)
GOAL
-2.27698600084
(-0.049, 1)
PWM-PID: 86 89
(548.1, -18.0, 1.16)
************
(101, 49, 41)
GOAL
-1.1069808226
(-0.02, 1)
PWM-PID: 80 75
(550.3, -17.9, 1.16)
************
(97, 51, 44)
GOAL
-1.10726940962
(-0.02, 1)
PWM-PID: 97 95
(551.9, -17.9, 1.16)
************
(180, 50, 45)
GOAL
-1.10726507146
(-0.02, 1)
PWM-PID: 81 76
(554.0, -17.9, 1.16)
************
(99, 52, 44)
GOAL
-1.10725937655
(-0.02, 1)
PWM-PID: 77 85
(555.9, -17.8, 360.0)
************
(84, 54, 45)
GOAL
0.0524511080707
(0.009, 1)
PWM-PID: 85 87
(558.1, -17.8, 360.0)
************
(97, 54, 51)
GOAL
0.0524570433123
(0.009, 1)
PWM-PID: 94 85
(560.0, -17.8, 1.16)
************
(102, 54, 59)
GOAL
-1.10753782972
(-0.02, 1)
PWM-PID: 77 72
(562.1, -17.8, 1.16)
************
(94, 56, 63)
GOAL
-1.1075321619
(-0.02, 1)
PWM-PID: 80 88
(564.0, -17.8, 360.0)
************
(108, 58, 65)
GOAL
0.0524729671846
(0.009, 1)
PWM-PID: 92 83
(565.9, -17.7, 1.16)
************
(93, 60, 63)
GOAL
-1.10781672334
(-0.02, 1)
PWM-PID: 90 87
(567.5, -17.7, 1.16)
************
(75, 61, 61)
GOAL
-1.10781242676
(-0.02, 1)
PWM-PID: 79 85
(570.0, -17.7, 360.0)
************
(84, 61, 25)
GOAL
0.0521942880522
(0.009, 1)
PWM-PID: 85 87
(572.1, -17.7, 360.0)
************
(123, 63, 27)
GOAL
0.0521999298325
(0.009, 1)
PWM-PID: 88 76
(574.0, -17.7, 1.16)
************
(207, 63, 99)
GOAL
-1.10779496465
(-0.02, 1)
PWM-PID: 74 83
(575.9, -17.6, 360.0)
************
(277, 64, 114)
GOAL
0.0519151694783
(0.009, 1)
PWM-PID: 83 85
(578.1, -17.6, 360.0)
************
(277, 64, 114)
GOAL
0.0519210501238
(0.009, 1)
PWM-PID: 87 89
(579.7, -17.6, 360.0)
************
(226, 67, 114)
GOAL
0.0519253277939
(0.009, 1)
PWM-PID: 88 90
(581.3, -17.6, 360.0)
************
(213, 65, 114)
GOAL
0.0519296061688
(0.009, 1)
PWM-PID: 74 88
(583.2, -17.7, 358.84)
************
(219, 66, 114)
GOAL
1.21222977094
(0.038, 1)
PWM-PID: 75 80
(585.4, -17.7, 358.84)
************
(277, 68, 112)
GOAL
1.21223568945
(0.038, 1)
PWM-PID: 81 88
(587.0, -17.7, 358.84)
************
(249, 69, 114)
GOAL
1.21223999466
(0.038, 1)
PWM-PID: 82 88
(588.6, -17.8, 358.84)
************
(233, 71, 112)
GOAL
1.21253946596
(0.038, 1)
PWM-PID: 87 82
(590.5, -17.8, 360.0)
************
(267, 67, 114)
GOAL
0.0525446090533
(0.009, 1)
PWM-PID: 74 88
(592.4, -17.8, 358.84)
************
(277, 77, 110)
GOAL
1.21254975316
(0.038, 1)
PWM-PID: 87 94
(594.0, -17.8, 358.84)
************
(277, 76, 112)
GOAL
1.21255408581
(0.038, 1)
PWM-PID: 73 78
(596.2, -17.9, 358.84)
************
(258, 76, 112)
GOAL
1.21285532537
(0.038, 1)
PWM-PID: 81 88
(597.8, -17.9, 358.84)
************
(233, 76, 114)
GOAL
1.21285968407
(0.038, 1)
PWM-PID: 87 95
(599.4, -18.0, 358.84)
************
(277, 76, 114)
GOAL
1.21315937318
(0.038, 1)
PWM-PID: 86 80
(601.3, -18.0, 360.0)
************
(226, 78, 118)
GOAL
0.0531645798558
(0.009, 1)
PWM-PID: 83 96
(603.2, -18.0, 358.84)
************
(249, 77, 118)
GOAL
1.21316978755
(0.038, 1)
PWM-PID: 85 92
(604.8, -18.0, 358.84)
************
(226, 78, 123)
GOAL
1.21317417377
(0.038, 1)
PWM-PID: 72 91
(606.7, -18.1, 357.67)
************
(226, 78, 142)
GOAL
2.3834748242
(0.068, 1)
PWM-PID: 84 84
(608.6, -18.1, 358.84)
************
(277, 72, 190)
GOAL
1.21348006374
(0.038, 1)
PWM-PID: 77 95
(610.5, -18.2, 357.67)
************
(233, 61, 110)
GOAL
2.38378080306
(0.068, 1)
PWM-PID: 85 85
(612.3, -18.3, 358.84)
************
(226, 94, 104)
GOAL
1.21408132237
(0.038, 1)
PWM-PID: 73 92
(614.2, -18.3, 357.67)
************
(241, 72, 121)
GOAL
2.38408662287
(0.068, 1)
PWM-PID: 79 77
(616.1, -18.4, 358.84)
************
(277, 76, 128)
GOAL
1.21438750852
(0.038, 1)
PWM-PID: 84 105
(617.5, -18.4, 357.67)
************
(241, 102, 133)
GOAL
2.38439143693
(0.068, 1)
PWM-PID: 82 80
(619.4, -18.5, 358.84)
************
(219, 85, 139)
GOAL
1.21469240369
(0.039, 1)
PWM-PID: 81 99
(621.3, -18.5, 357.67)
************
(219, 79, 133)
GOAL
2.38469776605
(0.068, 1)
PWM-PID: 81 79
(623.1, -18.6, 358.84)
************
(233, 69, 139)
GOAL
1.21499853803
(0.039, 1)
PWM-PID: 77 96
(625.0, -18.6, 357.67)
************
(233, 76, 139)
GOAL
2.38500393144
(0.068, 1)
PWM-PID: 85 85
(626.9, -18.7, 358.84)
************
(277, 79, 139)
GOAL
1.21530507478
(0.039, 1)
PWM-PID: 78 96
(628.8, -18.8, 357.67)
************
(226, 87, 145)
GOAL
2.38560627719
(0.068, 1)
PWM-PID: 81 78
(630.7, -18.8, 358.84)
************
(233, 93, 139)
GOAL
1.21561173179
(0.039, 1)
PWM-PID: 72 91
(632.6, -18.9, 357.67)
************
(226, 96, 142)
GOAL
2.38591302338
(0.068, 1)
PWM-PID: 78 90
(634.2, -18.9, 357.67)
************
(233, 108, 145)
GOAL
2.38591764291
(0.068, 1)
PWM-PID: 78 90
(635.8, -19.0, 357.67)
************
(226, 97, 142)
GOAL
2.38621814799
(0.068, 1)
PWM-PID: 79 76
(637.7, -19.1, 358.84)
************
(226, 87, 152)
GOAL
1.21651957845
(0.039, 1)
PWM-PID: 76 94
(639.6, -19.1, 357.67)
************
(233, 118, 190)
GOAL
2.38652512519
(0.068, 1)
PWM-PID: 79 77
(641.5, -19.2, 358.84)
************
(241, 287, 213)
GOAL
1.21682664493
(0.039, 1)
PWM-PID: 83 90
(643.1, -19.2, 358.84)
************
(233, 287, 207)
GOAL
1.2168313421
(0.039, 1)
PWM-PID: 84 91
(644.7, -19.2, 358.84)
************
(219, 287, 155)
GOAL
1.21683604004
(0.039, 1)
PWM-PID: 69 74
(646.9, -19.3, 358.84)
************
(226, 287, 185)
GOAL
1.21713855548
(0.039, 1)
PWM-PID: 80 87
(648.5, -19.3, 358.84)
************
(249, 287, 163)
GOAL
1.21714327974
(0.039, 1)
PWM-PID: 82 90
(650.1, -19.4, 358.84)
************
(241, 287, 163)
GOAL
1.21744410824
(0.039, 1)
PWM-PID: 82 75
(652.0, -19.4, 360.0)
************
(226, 287, 163)
GOAL
0.0574497493305
(0.01, 1)
PWM-PID: 86 88
(653.6, -19.4, 360.0)
************
(233, 287, 171)
GOAL
0.0574545005782
(0.01, 1)
PWM-PID: 86 89
(655.3, -19.4, 360.0)
************
(226, 287, 142)
GOAL
0.0574595496399
(0.01, 1)
PWM-PID: 73 88
(657.1, -19.4, 358.84)
************
(226, 287, 185)
GOAL
1.21746489667
(0.039, 1)
PWM-PID: 81 88
(658.8, -19.4, 358.84)
************
(226, 311, 176)
GOAL
1.21746994756
(0.039, 1)
PWM-PID: 82 89
(660.4, -19.5, 358.84)
************
(226, 287, 180)
GOAL
1.2177709633
(0.04, 1)
PWM-PID: 82 89
(662.0, -19.5, 358.84)
************
(226, 287, 155)
GOAL
1.21777574319
(0.04, 1)
PWM-PID: 84 77
(663.9, -19.5, 360.0)
************
(226, 299, 159)
GOAL
0.0577814203351
(0.011, 1)
PWM-PID: 72 87
(665.8, -19.5, 358.84)
************
(226, 299, 148)
GOAL
1.2177870986
(0.04, 1)
PWM-PID: 82 90
(667.4, -19.6, 358.84)
************
(219, 287, 145)
GOAL
1.21808824957
(0.04, 1)
PWM-PID: 82 89
(669.0, -19.6, 358.84)
************
(226, 287, 159)
GOAL
1.21809305745
(0.04, 1)
PWM-PID: 83 90
(670.6, -19.6, 358.84)
************
(226, 287, 167)
GOAL
1.21809786613
(0.04, 1)
PWM-PID: 69 74
(672.8, -19.7, 358.84)
************
(241, 287, 167)
GOAL
1.21840093058
(0.04, 1)
PWM-PID: 79 86
(674.4, -19.7, 358.84)
************
(267, 277, 148)
GOAL
1.21840576569
(0.04, 1)
PWM-PID: 80 87
(676.0, -19.7, 358.84)
************
(267, 287, 136)
GOAL
1.2184106016
(0.04, 1)
PWM-PID: 81 88
(677.7, -19.8, 358.84)
ACHTUNG BATTERIE LEER
************
(277, 287, 139)
GOAL
1.21871226703
(0.04, 1)
PWM-PID: 82 89
(679.3, -19.8, 358.84)
************
(277, 287, 126)
GOAL
1.21871712915
(0.04, 1)
PWM-PID: 68 87
(681.2, -19.9, 357.67)
************
(249, 267, 110)
GOAL
2.38901948408
(0.069, 1)
PWM-PID: 75 73
(683.1, -19.9, 358.84)
************
(226, 287, 93)
GOAL
1.2190252892
(0.04, 1)
PWM-PID: 81 89
(684.7, -19.9, 358.84)
************
(226, 287, 83)
GOAL
1.21903017861
(0.04, 1)
PWM-PID: 86 94
(686.3, -20.0, 358.84)
************
(233, 267, 78)
GOAL
1.21933172725
(0.04, 1)
PWM-PID: 77 83
(688.5, -20.0, 358.84)
************
(233, 233, 75)
GOAL
1.21933848642
(0.04, 1)
PWM-PID: 83 91
(690.1, -20.1, 358.84)
************
(226, 185, 71)
GOAL
1.21964011995
(0.04, 1)
PWM-PID: 71 90
(692.0, -20.1, 357.67)
************
(226, 180, 69)
GOAL
2.38964598882
(0.069, 1)
PWM-PID: 77 75
(693.9, -20.2, 358.84)
************
(233, 159, 69)
GOAL
1.21994863405
(0.04, 1)
PWM-PID: 86 94
(695.5, -20.2, 358.84)
************
(241, 131, 70)
GOAL
1.21995360272
(0.04, 1)
PWM-PID: 84 91
(697.1, -20.2, 358.84)
************
(226, 133, 68)
GOAL
1.21995857222
(0.04, 1)
PWM-PID: 84 92
(698.7, -20.3, 358.84)
************
(226, 155, 68)
GOAL
1.22026039154
(0.04, 1)
PWM-PID: 85 78
(700.6, -20.3, 360.0)
************
(277, 267, 66)
GOAL
0.0602663240915
(0.011, 1)
PWM-PID: 84 97
(702.5, -20.3, 358.84)
ACHTUNG BATTERIE LEER
************
(207, 42, 68)
GOAL
1.22027225781
(0.04, 1)
PWM-PID: 78 84
(704.7, -20.4, 358.84)
************
(226, 25, 72)
GOAL
1.2205760712
(0.04, 1)
PWM-PID: 83 90
(706.8, -20.4, 358.84)
************
(241, 26, 78)
GOAL
1.22058266469
(0.04, 1)
PWM-PID: 78 96
(708.7, -20.5, 357.67)
************
(226, 17, 91)
GOAL
2.39088563435
(0.07, 1)
PWM-PID: 73 84
(710.9, -20.5, 357.67)
************
(171, 17, 79)
GOAL
2.3908925786
(0.07, 1)
PWM-PID: 96 136
(711.4, -20.6, 355.35)
************
(123, 17, 76)
GOAL
4.7111912015
(0.128, 1)
PWM-PID: 96 134
(712.2, -20.7, 354.18)
************
(112, 15, 85)
GOAL
5.88149079628
(0.157, 1)
PWM-PID: 83 138
(713.3, -20.8, 351.86)
************
(126, 14, 80)
GOAL
8.20179137705
(0.216, 1)
PWM-PID: 92 158
(713.8, -20.9, 349.53)
************
(116, 15, 76)
GOAL
10.5320900604
(0.274, 1)
PWM-PID: 79 152
(714.9, -21.1, 347.21)
************
(106, 18, 76)
GOAL
12.8526877986
(0.332, 1)
PWM-PID: 76 133
(716.4, -21.4, 347.21)
************
(97, 20, 71)
GOAL
12.8535840392
(0.333, 1)
PWM-PID: 89 147
(717.5, -21.7, 347.21)
************
(91, 20, 64)
GOAL
12.8544790816
(0.333, 1)
PWM-PID: 90 176
(718.0, -21.8, 344.88)
************
(101, 17, 60)
GOAL
15.1847778997
(0.392, 1)
PWM-PID: 87 184
(718.5, -22.0, 342.55)
************
(112, 15, 66)
GOAL
17.515373887
(0.45, 1)
PWM-PID: 76 189
(719.3, -22.2, 339.06)
************
(104, 21, 108)
GOAL
21.0059709317
(0.538, 1)
PWM-PID: 75 182
(720.1, -22.5, 337.9)
************
(94, 16, 110)
GOAL
22.1668652044
(0.568, 1)
PWM-PID: 74 186
(720.8, -22.8, 336.74)
************
(102, 13, 99)
GOAL
23.3277591998
(0.597, 1)
PWM-PID: 73 175
(721.8, -23.3, 336.74)
************
(102, 13, 104)
GOAL
23.3292487376
(0.598, 1)
PWM-PID: 74 205
(722.3, -23.5, 334.41)
************
(57, 24, 114)
Avoid-Side: -0.52
LEFT WALL
(-1.0, 1)
PWM-PID: 182 12
(723.8, -24.2, 334.41)
************
(48, 152, 123)
Avoid-Side: 2.04
LEFT WALL
(1.0, 1)
PWM-PID: 0 200
(724.9, -24.8, 328.6)
************
(38, 72, 126)
Avoid-Side: 0.44
LEFT WALL
(-0.979, 1)
PWM-PID: 153 37
(726.1, -25.6, 322.78)
************
(44, 72, 185)
Avoid-Side: 0.44
LEFT WALL
(-0.611, 1)
PWM-PID: 164 101
(726.9, -26.3, 318.13)
************
(18, 277, 112)
Avoid-Side: 4.54
LEFT WALL
(0.683, 1)
PWM-PID: 18 188
(728.2, -27.6, 312.31)
************
(21, 277, 121)
Avoid-Side: 4.54
LEFT WALL
(1.0, 1)
PWM-PID: 0 174
(729.3, -28.8, 309.99)
************
(20, 277, 133)
Avoid-Side: 4.54
LEFT WALL
(1.0, 1)
PWM-PID: 14 199
(729.5, -29.0, 308.83)
************
(20, 277, 121)
Avoid-Side: 4.54
LEFT WALL
(1.0, 1)
PWM-PID: 19 190
(729.8, -29.5, 308.83)
************
(19, 277, 123)
Avoid-Side: 4.54
LEFT WALL
(0.871, 1)
PWM-PID: 59 210
(729.8, -29.5, 308.83)
************
(22, 277, 131)
Avoid-Side: 4.54
LEFT WALL
(1.0, 1)
PWM-PID: 31 203
(730.1, -29.9, 308.83)
************
(21, 299, 128)
Avoid-Side: 4.98
LEFT WALL
(1.0, 1)
PWM-PID: 34 205
(730.5, -30.3, 308.83)
************
(21, 277, 126)
Avoid-Side: 4.54
LEFT WALL
(1.0, 1)
PWM-PID: 51 210
(730.6, -30.5, 309.99)
************
(23, 277, 118)
Avoid-Side: 4.54
LEFT WALL
(1.0, 1)
PWM-PID: 56 201
(731.0, -30.9, 312.31)
************
(24, 277, 104)
Avoid-Side: 4.54
LEFT WALL
(1.0, 1)
PWM-PID: 45 202
(731.6, -31.5, 313.48)
************
(24, 287, 102)
Avoid-Side: 4.74
LEFT WALL
(1.0, 1)
PWM-PID: 60 219
(731.7, -31.7, 314.64)
************
(23, 249, 102)
Avoid-Side: 3.98
LEFT WALL
(0.976, 1)
PWM-PID: 69 211
(732.1, -32.1, 316.97)
************
(23, 233, 102)
Avoid-Side: 3.66
LEFT WALL
(0.656, 1)
PWM-PID: 128 244
(732.1, -32.1, 316.97)
************
(26, 180, 104)
Avoid-Side: 2.6
LEFT WALL
(0.014, 1)
PWM-PID: 235 243
(732.5, -32.5, 316.97)
************
(29, 155, 108)
Avoid-Side: 2.1
LEFT WALL
(-0.126, 1)
PWM-PID: 250 210
(733.3, -33.2, 319.29)
************
(35, 148, 102)
Avoid-Side: 1.96
LEFT WALL
(0.311, 1)
PWM-PID: 188 243
(734.1, -33.9, 319.29)
************
(35, 139, 102)
Avoid-Side: 1.78
LEFT WALL
(0.131, 1)
PWM-PID: 236 220
(735.2, -34.7, 322.78)
************
(35, 142, 104)
Avoid-Side: 1.84
LEFT WALL
(0.191, 1)
PWM-PID: 200 246
(736.3, -35.6, 321.62)
ACHTUNG BATTERIE LEER
************
(35, 145, 104)
Avoid-Side: 1.9
LEFT WALL
(0.251, 1)
PWM-PID: 192 248
(737.3, -36.4, 320.46)
************
(36, 133, 110)
Avoid-Side: 1.66
LEFT WALL
(0.092, 1)
PWM-PID: 249 255
(737.7, -36.7, 320.46)
ACHTUNG BATTERIE LEER
************
(36, 142, 99)
Avoid-Side: 1.84
LEFT WALL
(0.272, 1)
PWM-PID: 186 243
(739.2, -38.0, 319.29)
************
(34, 136, 102)
Avoid-Side: 1.72
LEFT WALL
(-0.013, 1)
PWM-PID: 255 244
(740.2, -38.8, 320.46)
ACHTUNG BATTERIE LEER
************
(35, 139, 104)
Avoid-Side: 1.78
LEFT WALL
(0.131, 1)
PWM-PID: 254 255
(740.8, -39.3, 321.62)
************
(34, 145, 104)
Avoid-Side: 1.9
LEFT WALL
(0.167, 1)
PWM-PID: 226 255
(741.9, -40.2, 320.46)
************
(35, 145, 102)
Avoid-Side: 1.9
LEFT WALL
RETOUR MODUS
(0.0, -1)
PWM-PID: 255 255
(743.3, -41.4, 316.97)
ACHTUNG BATTERIE LEER
************
(35, 139, 106)
Avoid-Side: 1.78
LEFT WALL
RETOUR MODUS
(0.0, -1)
PWM-PID: 255 254
(741.9, -40.1, 315.8)
************
(41, 163, 118)
Avoid-Side: 2.26
LEFT WALL
RETOUR MODUS
(0.0, -1)
PWM-PID: 160 144
(737.3, -35.6, 315.8)
************
(48, 241, 114)
Avoid-Side: 3.82
LEFT WALL
RETOUR MODUS
(1.0, -1)
PWM-PID: 0 138
(733.7, -32.3, 318.13)
************
(49, 241, 163)
Avoid-Side: 3.82
LEFT WALL
RETOUR MODUS
(1.0, -1)
PWM-PID: 10 159
(731.9, -30.7, 316.97)
************
(46, 133, 277)
Avoid-Side: 1.66
LEFT WALL
RETOUR MODUS
(1.0, -1)
PWM-PID: 38 153
(730.8, -29.5, 312.31)
************
(47, 142, 287)
Avoid-Side: 1.84
LEFT WALL
RETOUR MODUS
(1.0, -1)
PWM-PID: 32 189
(730.3, -28.9, 311.15)
************
(49, 131, 136)
Avoid-Side: 1.62
LEFT WALL
RETOUR MODUS
(1.0, -1)
PWM-PID: 33 176
(729.6, -28.1, 308.83)
************
(48, 110, 207)
Avoid-Side: 1.2
LEFT WALL
RETOUR MODUS
(1.0, -1)
PWM-PID: 22 168
(728.6, -26.8, 306.5)
************
(48, 136, 277)
Avoid-Side: 1.72
LEFT WALL
RETOUR MODUS
(1.0, -1)
PWM-PID: 27 170
(728.0, -25.9, 304.17)
************
(47, 112, 78)
Avoid-Side: 1.24
LEFT WALL
RETOUR MODUS
(1.0, -1)
PWM-PID: 27 175
(727.4, -25.0, 301.85)
************
(47, 123, 287)
Avoid-Side: 1.46
LEFT WALL
RETOUR MODUS
(1.0, -1)
PWM-PID: 39 239
(727.1, -24.5, 299.52)
************
(48, 152, 142)
Avoid-Side: 2.04
LEFT WALL
RETOUR MODUS
(0.0, 1)
PWM-PID: 210 187
(726.6, -23.6, 297.19)
ACHTUNG BATTERIE LEER
************
(52, 152, 152)
Avoid-Side: 2.04
LEFT WALL
RETOUR MODUS
(0.0, 1)
PWM-PID: 174 172
(727.6, -25.5, 297.19)
************
(45, 139, 190)
Avoid-Side: 1.78
LEFT WALL
RETOUR MODUS
(0.0, 1)
PWM-PID: 130 110
(729.7, -29.6, 298.36)
************
(43, 128, 123)
Avoid-Side: 1.56
LEFT WALL
RETOUR MODUS
(0.0, 1)
PWM-PID: 153 123
(731.0, -31.9, 300.68)
************
(40, 121, 97)
Avoid-Side: 1.42
LEFT WALL
RETOUR MODUS
(0.0, 1)
PWM-PID: 118 112
(732.7, -34.7, 300.68)
************
(38, 121, 277)
Avoid-Side: 1.42
LEFT WALL
RETOUR MODUS
(0.0, 1)
PWM-PID: 133 118
(734.0, -36.8, 301.85)
************
(36, 136, 287)
Avoid-Side: 1.72
LEFT WALL
RETOUR MODUS
(0.0, 1)
PWM-PID: 103 111
(735.5, -39.3, 300.68)
************
(32, 142, 267)
PWM-PID: 0 0
